This file contains any messages produced by compilers while
running configure, to aid debugging if configure makes a mistake.

It was created by libogg configure 1.3.4, which was
generated by GNU Autoconf 2.69.  Invocation command line was

  $ ./configure 

## --------- ##
## Platform. ##
## --------- ##

hostname = pop-os
uname -m = x86_64
uname -r = 5.4.0-7634-generic
uname -s = Linux
uname -v = #38~1596560323~20.04~7719dbd-Ubuntu SMP Tue Aug 4 19:12:34 UTC 2

/usr/bin/uname -p = x86_64
/bin/uname -X     = unknown

/bin/arch              = x86_64
/usr/bin/arch -k       = unknown
/usr/convex/getsysinfo = unknown
/usr/bin/hostinfo      = unknown
/bin/machine           = unknown
/usr/bin/oslevel       = unknown
/bin/universe          = unknown

PATH: /home/ggc/.local/bin
PATH: /usr/local/sbin
PATH: /usr/local/bin
PATH: /usr/sbin
PATH: /usr/bin
PATH: /sbin
PATH: /bin
PATH: /usr/games
PATH: /usr/local/games
PATH: /snap/bin


## ----------- ##
## Core tests. ##
## ----------- ##

configure:2478: checking build system type
configure:2492: result: x86_64-pc-linux-gnu
configure:2512: checking host system type
configure:2525: result: x86_64-pc-linux-gnu
configure:2566: checking how to print strings
configure:2593: result: printf
configure:2665: checking for gcc
configure:2681: found /usr/bin/gcc
configure:2692: result: gcc
configure:2921: checking for C compiler version
configure:2930: gcc --version >&5
gcc (Ubuntu 9.3.0-10ubuntu2) 9.3.0
Copyright (C) 2019 Free Software Foundation, Inc.
This is free software; see the source for copying conditions.  There is NO
warranty; not even for MERCHANTABILITY or FITNESS FOR A PARTICULAR PURPOSE.

configure:2941: $? = 0
configure:2930: gcc -v >&5
Using built-in specs.
COLLECT_GCC=gcc
COLLECT_LTO_WRAPPER=/usr/lib/gcc/x86_64-linux-gnu/9/lto-wrapper
OFFLOAD_TARGET_NAMES=nvptx-none:hsa
OFFLOAD_TARGET_DEFAULT=1
Target: x86_64-linux-gnu
Configured with: ../src/configure -v --with-pkgversion='Ubuntu 9.3.0-10ubuntu2' --with-bugurl=file:///usr/share/doc/gcc-9/README.Bugs --enable-languages=c,ada,c++,go,brig,d,fortran,objc,obj-c++,gm2 --prefix=/usr --with-gcc-major-version-only --program-suffix=-9 --program-prefix=x86_64-linux-gnu- --enable-shared --enable-linker-build-id --libexecdir=/usr/lib --without-included-gettext --enable-threads=posix --libdir=/usr/lib --enable-nls --enable-clocale=gnu --enable-libstdcxx-debug --enable-libstdcxx-time=yes --with-default-libstdcxx-abi=new --enable-gnu-unique-object --disable-vtable-verify --enable-plugin --enable-default-pie --with-system-zlib --with-target-system-zlib=auto --enable-objc-gc=auto --enable-multiarch --disable-werror --with-arch-32=i686 --with-abi=m64 --with-multilib-list=m32,m64,mx32 --enable-multilib --with-tune=generic --enable-offload-targets=nvptx-none,hsa --without-cuda-driver --enable-checking=release --build=x86_64-linux-gnu --host=x86_64-linux-gnu --target=x86_64-linux-gnu
Thread model: posix
gcc version 9.3.0 (Ubuntu 9.3.0-10ubuntu2) 
configure:2941: $? = 0
configure:2930: gcc -V >&5
gcc: error: unrecognized command line option '-V'
gcc: fatal error: no input files
compilation terminated.
configure:2941: $? = 1
configure:2930: gcc -qversion >&5
gcc: error: unrecognized command line option '-qversion'; did you mean '--version'?
gcc: fatal error: no input files
compilation terminated.
configure:2941: $? = 1
configure:2961: checking whether the C compiler works
configure:2983: gcc    conftest.c  >&5
configure:2987: $? = 0
configure:3035: result: yes
configure:3038: checking for C compiler default output file name
configure:3040: result: a.out
configure:3046: checking for suffix of executables
configure:3053: gcc -o conftest    conftest.c  >&5
configure:3057: $? = 0
configure:3079: result: 
configure:3101: checking whether we are cross compiling
configure:3109: gcc -o conftest    conftest.c  >&5
configure:3113: $? = 0
configure:3120: ./conftest
configure:3124: $? = 0
configure:3112: result: no
configure:3117: checking for suffix of object files
configure:3139: gcc -c   conftest.c >&5
configure:3143: $? = 0
configure:3164: result: o
configure:3168: checking whether we are using the GNU C compiler
configure:3187: gcc -c   conftest.c >&5
configure:3187: $? = 0
configure:3196: result: yes
configure:3205: checking whether gcc accepts -g
configure:3225: gcc -c -g  conftest.c >&5
configure:3225: $? = 0
configure:3266: result: yes
configure:3283: checking for gcc option to accept ISO C89
configure:3346: gcc  -c -g -O2  conftest.c >&5
configure:3346: $? = 0
configure:3359: result: none needed
configure:3384: checking whether gcc understands -c and -o together
configure:3406: gcc -c conftest.c -o conftest2.o
configure:3409: $? = 0
configure:3406: gcc -c conftest.c -o conftest2.o
configure:3409: $? = 0
configure:3421: result: yes
configure:3438: checking for a sed that does not truncate output
configure:3502: result: /usr/bin/sed
configure:3520: checking for grep that handles long lines and -e
configure:3578: result: /usr/bin/grep
configure:3583: checking for egrep
configure:3645: result: /usr/bin/grep -E
configure:3650: checking for fgrep
configure:3712: result: /usr/bin/grep -F
configure:3747: checking for ld used by gcc
configure:3814: result: /usr/bin/ld
configure:3821: checking if the linker (/usr/bin/ld) is GNU ld
configure:3836: result: yes
configure:3848: checking for BSD- or MS-compatible name lister (nm)
configure:3902: result: /usr/bin/nm -B
configure:4032: checking the name lister (/usr/bin/nm -B) interface
configure:4039: gcc -c -g -O2  conftest.c >&5
configure:4042: /usr/bin/nm -B "conftest.o"
configure:4045: output
0000000000000000 B some_variable
configure:4046: result: BSD nm
configure:4049: checking whether ln -s works
configure:4053: result: yes
configure:4061: checking the maximum length of command line arguments
configure:4192: result: 1572864
configure:4240: checking how to convert x86_64-pc-linux-gnu file names to x86_64-pc-linux-gnu format
configure:4280: result: func_convert_file_noop
configure:4287: checking how to convert x86_64-pc-linux-gnu file names to toolchain format
configure:4307: result: func_convert_file_noop
configure:4314: checking for /usr/bin/ld option to reload object files
configure:4321: result: -r
configure:4395: checking for objdump
configure:4411: found /usr/bin/objdump
configure:4422: result: objdump
configure:4454: checking how to recognize dependent libraries
configure:4654: result: pass_all
configure:4739: checking for dlltool
configure:4769: result: no
configure:4799: checking how to associate runtime and link libraries
configure:4826: result: printf %s\n
configure:4887: checking for ar
configure:4903: found /usr/bin/ar
configure:4914: result: ar
configure:4951: checking for archiver @FILE support
configure:4968: gcc -c -g -O2  conftest.c >&5
configure:4968: $? = 0
configure:4971: ar cru libconftest.a @conftest.lst >&5
ar: `u' modifier ignored since `D' is the default (see `U')
configure:4974: $? = 0
configure:4979: ar cru libconftest.a @conftest.lst >&5
ar: `u' modifier ignored since `D' is the default (see `U')
ar: conftest.o: No such file or directory
configure:4982: $? = 1
configure:4981: result: @
configure:5039: checking for strip
configure:5055: found /usr/bin/strip
configure:5066: result: strip
configure:5138: checking for ranlib
configure:5154: found /usr/bin/ranlib
configure:5165: result: ranlib
configure:5242: checking for gawk
configure:5258: found /usr/bin/gawk
configure:5269: result: gawk
configure:5309: checking command to parse /usr/bin/nm -B output from gcc object
configure:5462: gcc -c -g -O2  conftest.c >&5
configure:5465: $? = 0
configure:5469: /usr/bin/nm -B conftest.o \| sed -n -e 's/^.*[ ]\([ABCDGIRSTW][ABCDGIRSTW]*\)[ ][ ]*\([_A-Za-z][_A-Za-z0-9]*\)$/\1 \2 \2/p' | sed '/ __gnu_lto/d' \> conftest.nm
configure:5472: $? = 0
configure:5538: gcc -o conftest -g -O2   conftest.c conftstm.o >&5
configure:5541: $? = 0
configure:5579: result: ok
configure:5626: checking for sysroot
configure:5656: result: no
configure:5663: checking for a working dd
configure:5701: result: /usr/bin/dd
configure:5705: checking how to truncate binary pipes
configure:5720: result: /usr/bin/dd bs=4096 count=1
configure:5856: gcc -c -g -O2  conftest.c >&5
configure:5859: $? = 0
configure:6049: checking for mt
configure:6065: found /usr/bin/mt
configure:6076: result: mt
configure:6099: checking if mt is a manifest tool
configure:6105: mt '-?'
configure:6113: result: no
configure:6790: checking how to run the C preprocessor
configure:6821: gcc -E  conftest.c
configure:6821: $? = 0
configure:6835: gcc -E  conftest.c
conftest.c:9:10: fatal error: ac_nonexistent.h: No such file or directory
    9 | #include <ac_nonexistent.h>
      |          ^~~~~~~~~~~~~~~~~~
compilation terminated.
configure:6835: $? = 1
configure: failed program was:
| /* confdefs.h */
| #define PACKAGE_NAME "libogg"
| #define PACKAGE_TARNAME "libogg"
| #define PACKAGE_VERSION "1.3.4"
| #define PACKAGE_STRING "libogg 1.3.4"
| #define PACKAGE_BUGREPORT "ogg-dev@xiph.org"
| #define PACKAGE_URL ""
| /* end confdefs.h.  */
| #include <ac_nonexistent.h>
configure:6860: result: gcc -E
configure:6880: gcc -E  conftest.c
configure:6880: $? = 0
configure:6894: gcc -E  conftest.c
conftest.c:9:10: fatal error: ac_nonexistent.h: No such file or directory
    9 | #include <ac_nonexistent.h>
      |          ^~~~~~~~~~~~~~~~~~
compilation terminated.
configure:6894: $? = 1
configure: failed program was:
| /* confdefs.h */
| #define PACKAGE_NAME "libogg"
| #define PACKAGE_TARNAME "libogg"
| #define PACKAGE_VERSION "1.3.4"
| #define PACKAGE_STRING "libogg 1.3.4"
| #define PACKAGE_BUGREPORT "ogg-dev@xiph.org"
| #define PACKAGE_URL ""
| /* end confdefs.h.  */
| #include <ac_nonexistent.h>
configure:6923: checking for ANSI C header files
configure:6943: gcc -c -g -O2  conftest.c >&5
configure:6943: $? = 0
configure:7016: gcc -o conftest -g -O2   conftest.c  >&5
configure:7016: $? = 0
configure:7016: ./conftest
configure:7016: $? = 0
configure:7027: result: yes
configure:7040: checking for sys/types.h
configure:7040: gcc -c -g -O2  conftest.c >&5
configure:7040: $? = 0
configure:7040: result: yes
configure:7040: checking for sys/stat.h
configure:7040: gcc -c -g -O2  conftest.c >&5
configure:7040: $? = 0
configure:7040: result: yes
configure:7040: checking for stdlib.h
configure:7040: gcc -c -g -O2  conftest.c >&5
configure:7040: $? = 0
configure:7040: result: yes
configure:7040: checking for string.h
configure:7040: gcc -c -g -O2  conftest.c >&5
configure:7040: $? = 0
configure:7040: result: yes
configure:7040: checking for memory.h
configure:7040: gcc -c -g -O2  conftest.c >&5
configure:7040: $? = 0
configure:7040: result: yes
configure:7040: checking for strings.h
configure:7040: gcc -c -g -O2  conftest.c >&5
configure:7040: $? = 0
configure:7040: result: yes
configure:7040: checking for inttypes.h
configure:7040: gcc -c -g -O2  conftest.c >&5
configure:7040: $? = 0
configure:7040: result: yes
configure:7040: checking for stdint.h
configure:7040: gcc -c -g -O2  conftest.c >&5
configure:7040: $? = 0
configure:7040: result: yes
configure:7040: checking for unistd.h
configure:7040: gcc -c -g -O2  conftest.c >&5
configure:7040: $? = 0
configure:7040: result: yes
configure:7054: checking for dlfcn.h
configure:7054: gcc -c -g -O2  conftest.c >&5
configure:7054: $? = 0
configure:7054: result: yes
configure:7310: checking for objdir
configure:7325: result: .libs
configure:7589: checking if gcc supports -fno-rtti -fno-exceptions
configure:7607: gcc -c -g -O2  -fno-rtti -fno-exceptions conftest.c >&5
cc1: warning: command line option '-fno-rtti' is valid for C++/D/ObjC++ but not for C
configure:7611: $? = 0
configure:7624: result: no
configure:7982: checking for gcc option to produce PIC
configure:7989: result: -fPIC -DPIC
configure:7997: checking if gcc PIC flag -fPIC -DPIC works
configure:8015: gcc -c -g -O2  -fPIC -DPIC -DPIC conftest.c >&5
configure:8019: $? = 0
configure:8032: result: yes
configure:8061: checking if gcc static flag -static works
configure:8089: result: yes
configure:8104: checking if gcc supports -c -o file.o
configure:8125: gcc -c -g -O2  -o out/conftest2.o conftest.c >&5
configure:8129: $? = 0
configure:8151: result: yes
configure:8159: checking if gcc supports -c -o file.o
configure:8206: result: yes
configure:8239: checking whether the gcc linker (/usr/bin/ld -m elf_x86_64) supports shared libraries
configure:9498: result: yes
configure:9535: checking whether -lc should be explicitly linked in
configure:9543: gcc -c -g -O2  conftest.c >&5
configure:9546: $? = 0
configure:9561: gcc -shared  -fPIC -DPIC conftest.o  -v -Wl,-soname -Wl,conftest -o conftest 2\>\&1 \| /usr/bin/grep  -lc  \>/dev/null 2\>\&1
configure:9564: $? = 0
configure:9578: result: no
configure:9738: checking dynamic linker characteristics
configure:10319: gcc -o conftest -g -O2   -Wl,-rpath -Wl,/foo conftest.c  >&5
configure:10319: $? = 0
configure:10559: result: GNU/Linux ld.so
configure:10681: checking how to hardcode library paths into programs
configure:10706: result: immediate
configure:11254: checking whether stripping libraries is possible
configure:11259: result: yes
configure:11294: checking if libtool supports shared libraries
configure:11296: result: yes
configure:11299: checking whether to build shared libraries
configure:11324: result: yes
configure:11327: checking whether to build static libraries
configure:11331: result: yes
configure:8176: checking for a BSD-compatible install
configure:8244: result: /usr/bin/install -c
configure:8255: checking whether build environment is sane
configure:8310: result: yes
configure:8456: checking for a thread-safe mkdir -p
configure:8495: result: /usr/bin/mkdir -p
configure:8498: checking whether make sets $(MAKE)
configure:8520: result: yes
configure:8542: checking whether make supports the include directive
configure:8557: make -f confmf.GNU && cat confinc.out
this is the am__doit target
configure:8560: $? = 0
configure:8579: result: yes (GNU style)
configure:8612: checking whether make supports nested variables
configure:8629: result: yes
configure:8714: checking dependency style of gcc
configure:8825: result: gcc3
configure:8884: checking whether to enable maintainer-specific portions of Makefiles
configure:8893: result: yes
configure:8963: checking for gcc
configure:8990: result: gcc
configure:9219: checking for C compiler version
configure:9228: gcc --version >&5
gcc (Ubuntu 9.3.0-10ubuntu2) 9.3.0
Copyright (C) 2019 Free Software Foundation, Inc.
This is free software; see the source for copying conditions.  There is NO
warranty; not even for MERCHANTABILITY or FITNESS FOR A PARTICULAR PURPOSE.

configure:9239: $? = 0
configure:9228: gcc -v >&5
Using built-in specs.
COLLECT_GCC=gcc
COLLECT_LTO_WRAPPER=/usr/lib/gcc/x86_64-linux-gnu/9/lto-wrapper
OFFLOAD_TARGET_NAMES=nvptx-none:hsa
OFFLOAD_TARGET_DEFAULT=1
Target: x86_64-linux-gnu
Configured with: ../src/configure -v --with-pkgversion='Ubuntu 9.3.0-10ubuntu2' --with-bugurl=file:///usr/share/doc/gcc-9/README.Bugs --enable-languages=c,ada,c++,go,brig,d,fortran,objc,obj-c++,gm2 --prefix=/usr --with-gcc-major-version-only --program-suffix=-9 --program-prefix=x86_64-linux-gnu- --enable-shared --enable-linker-build-id --libexecdir=/usr/lib --without-included-gettext --enable-threads=posix --libdir=/usr/lib --enable-nls --enable-clocale=gnu --enable-libstdcxx-debug --enable-libstdcxx-time=yes --with-default-libstdcxx-abi=new --enable-gnu-unique-object --disable-vtable-verify --enable-plugin --enable-default-pie --with-system-zlib --with-target-system-zlib=auto --enable-objc-gc=auto --enable-multiarch --disable-werror --with-arch-32=i686 --with-abi=m64 --with-multilib-list=m32,m64,mx32 --enable-multilib --with-tune=generic --enable-offload-targets=nvptx-none,hsa --without-cuda-driver --enable-checking=release --build=x86_64-linux-gnu --host=x86_64-linux-gnu --target=x86_64-linux-gnu
Thread model: posix
gcc version 9.3.0 (Ubuntu 9.3.0-10ubuntu2) 
configure:9239: $? = 0
configure:9228: gcc -V >&5
gcc: error: unrecognized command line option '-V'
gcc: fatal error: no input files
compilation terminated.
configure:9239: $? = 1
configure:9228: gcc -qversion >&5
gcc: error: unrecognized command line option '-qversion'; did you mean '--version'?
gcc: fatal error: no input files
compilation terminated.
configure:9239: $? = 1
configure:9243: checking whether we are using the GNU C compiler
configure:9271: result: yes
configure:9280: checking whether gcc accepts -g
configure:9341: result: yes
configure:9358: checking for gcc option to accept ISO C89
configure:9434: result: none needed
configure:9459: checking whether gcc understands -c and -o together
configure:9496: result: yes
configure:9565: checking for ANSI C header files
configure:9669: result: yes
configure:9680: checking for inttypes.h
configure:9680: result: yes
configure:9686: checking for stdint.h
configure:9686: result: yes
configure:9692: checking for sys/types.h
configure:9692: result: yes
configure:9699: checking for an ANSI C-conforming const
configure:9765: gcc -c -O20 -Wall -ffast-math -fsigned-char -g -O2  conftest.c >&5
configure:9765: $? = 0
configure:9772: result: yes
configure:9786: checking size of int16_t
configure:9791: gcc -o conftest -O20 -Wall -ffast-math -fsigned-char -g -O2   conftest.c  >&5
configure:9791: $? = 0
configure:9791: ./conftest
configure:9791: $? = 0
configure:9805: result: 2
configure:9819: checking size of uint16_t
configure:9824: gcc -o conftest -O20 -Wall -ffast-math -fsigned-char -g -O2   conftest.c  >&5
configure:9824: $? = 0
configure:9824: ./conftest
configure:9824: $? = 0
configure:9838: result: 2
configure:9852: checking size of u_int16_t
configure:9857: gcc -o conftest -O20 -Wall -ffast-math -fsigned-char -g -O2   conftest.c  >&5
configure:9857: $? = 0
configure:9857: ./conftest
configure:9857: $? = 0
configure:9871: result: 2
configure:9885: checking size of int32_t
configure:9890: gcc -o conftest -O20 -Wall -ffast-math -fsigned-char -g -O2   conftest.c  >&5
configure:9890: $? = 0
configure:9890: ./conftest
configure:9890: $? = 0
configure:9904: result: 4
configure:9918: checking size of uint32_t
configure:9923: gcc -o conftest -O20 -Wall -ffast-math -fsigned-char -g -O2   conftest.c  >&5
configure:9923: $? = 0
configure:9923: ./conftest
configure:9923: $? = 0
configure:9937: result: 4
configure:9951: checking size of u_int32_t
configure:9956: gcc -o conftest -O20 -Wall -ffast-math -fsigned-char -g -O2   conftest.c  >&5
configure:9956: $? = 0
configure:9956: ./conftest
configure:9956: $? = 0
configure:9970: result: 4
configure:9984: checking size of int64_t
configure:9989: gcc -o conftest -O20 -Wall -ffast-math -fsigned-char -g -O2   conftest.c  >&5
configure:9989: $? = 0
configure:9989: ./conftest
configure:9989: $? = 0
configure:10003: result: 8
configure:10017: checking size of uint64_t
configure:10022: gcc -o conftest -O20 -Wall -ffast-math -fsigned-char -g -O2   conftest.c  >&5
configure:10022: $? = 0
configure:10022: ./conftest
configure:10022: $? = 0
configure:10036: result: 8
configure:10050: checking size of short
configure:10055: gcc -o conftest -O20 -Wall -ffast-math -fsigned-char -g -O2   conftest.c  >&5
configure:10055: $? = 0
configure:10055: ./conftest
configure:10055: $? = 0
configure:10069: result: 2
configure:10083: checking size of int
configure:10088: gcc -o conftest -O20 -Wall -ffast-math -fsigned-char -g -O2   conftest.c  >&5
configure:10088: $? = 0
configure:10088: ./conftest
configure:10088: $? = 0
configure:10102: result: 4
configure:10116: checking size of long
configure:10121: gcc -o conftest -O20 -Wall -ffast-math -fsigned-char -g -O2   conftest.c  >&5
configure:10121: $? = 0
configure:10121: ./conftest
configure:10121: $? = 0
configure:10135: result: 8
configure:10149: checking size of long long
configure:10154: gcc -o conftest -O20 -Wall -ffast-math -fsigned-char -g -O2   conftest.c  >&5
configure:10154: $? = 0
configure:10154: ./conftest
configure:10154: $? = 0
configure:10168: result: 8
configure:10267: checking for working memcmp
configure:10310: gcc -o conftest -O20 -Wall -ffast-math -fsigned-char -g -O2   conftest.c  >&5
configure:10310: $? = 0
configure:10310: ./conftest
configure:10310: $? = 0
configure:10320: result: yes
configure:10454: checking that generated files are newer than configure
configure:10460: result: done
configure:10491: creating ./config.status

## ---------------------- ##
## Running config.status. ##
## ---------------------- ##

This file was extended by libogg config.status 1.3.4, which was
generated by GNU Autoconf 2.69.  Invocation command line was

  CONFIG_FILES    = 
  CONFIG_HEADERS  = 
  CONFIG_LINKS    = 
  CONFIG_COMMANDS = 
  $ ./config.status 

on pop-os

config.status:1122: creating Makefile
config.status:1122: creating src/Makefile
config.status:1122: creating doc/Makefile
config.status:1122: creating doc/libogg/Makefile
config.status:1122: creating include/Makefile
config.status:1122: creating include/ogg/Makefile
config.status:1122: creating include/ogg/config_types.h
config.status:1122: creating libogg.spec
config.status:1122: creating ogg.pc
config.status:1122: creating ogg-uninstalled.pc
config.status:1122: creating config.h
config.status:1351: executing libtool commands
config.status:1351: executing depfiles commands
config.status:1971: cd src       && sed -e '/# am--include-marker/d' Makefile         | make -f - am--depfiles
config.status:1976: $? = 0

## ---------------- ##
## Cache variables. ##
## ---------------- ##

ac_cv_build=x86_64-pc-linux-gnu
ac_cv_c_compiler_gnu=yes
ac_cv_c_const=yes
ac_cv_env_CC_set=
ac_cv_env_CC_value=
ac_cv_env_CFLAGS_set=
ac_cv_env_CFLAGS_value=
ac_cv_env_CPPFLAGS_set=
ac_cv_env_CPPFLAGS_value=
ac_cv_env_CPP_set=
ac_cv_env_CPP_value=
ac_cv_env_LDFLAGS_set=
ac_cv_env_LDFLAGS_value=
ac_cv_env_LIBS_set=
ac_cv_env_LIBS_value=
ac_cv_env_LT_SYS_LIBRARY_PATH_set=
ac_cv_env_LT_SYS_LIBRARY_PATH_value=
ac_cv_env_build_alias_set=
ac_cv_env_build_alias_value=
ac_cv_env_host_alias_set=
ac_cv_env_host_alias_value=
ac_cv_env_target_alias_set=
ac_cv_env_target_alias_value=
ac_cv_func_memcmp_working=yes
ac_cv_header_dlfcn_h=yes
ac_cv_header_inttypes_h=yes
ac_cv_header_memory_h=yes
ac_cv_header_stdc=yes
ac_cv_header_stdint_h=yes
ac_cv_header_stdlib_h=yes
ac_cv_header_string_h=yes
ac_cv_header_strings_h=yes
ac_cv_header_sys_stat_h=yes
ac_cv_header_sys_types_h=yes
ac_cv_header_unistd_h=yes
ac_cv_host=x86_64-pc-linux-gnu
ac_cv_objext=o
ac_cv_path_EGREP='/usr/bin/grep -E'
ac_cv_path_FGREP='/usr/bin/grep -F'
ac_cv_path_GREP=/usr/bin/grep
ac_cv_path_SED=/usr/bin/sed
ac_cv_path_install='/usr/bin/install -c'
ac_cv_path_lt_DD=/usr/bin/dd
ac_cv_path_mkdir=/usr/bin/mkdir
ac_cv_prog_AWK=gawk
ac_cv_prog_CPP='gcc -E'
ac_cv_prog_ac_ct_AR=ar
ac_cv_prog_ac_ct_CC=gcc
ac_cv_prog_ac_ct_MANIFEST_TOOL=mt
ac_cv_prog_ac_ct_OBJDUMP=objdump
ac_cv_prog_ac_ct_RANLIB=ranlib
ac_cv_prog_ac_ct_STRIP=strip
ac_cv_prog_cc_c89=
ac_cv_prog_cc_g=yes
ac_cv_prog_make_make_set=yes
ac_cv_sizeof_int16_t=2
ac_cv_sizeof_int32_t=4
ac_cv_sizeof_int64_t=8
ac_cv_sizeof_int=4
ac_cv_sizeof_long=8
ac_cv_sizeof_long_long=8
ac_cv_sizeof_short=2
ac_cv_sizeof_u_int16_t=2
ac_cv_sizeof_u_int32_t=4
ac_cv_sizeof_uint16_t=2
ac_cv_sizeof_uint32_t=4
ac_cv_sizeof_uint64_t=8
am_cv_CC_dependencies_compiler_type=gcc3
am_cv_make_support_nested_variables=yes
am_cv_prog_cc_c_o=yes
lt_cv_ar_at_file=@
lt_cv_archive_cmds_need_lc=no
lt_cv_deplibs_check_method=pass_all
lt_cv_file_magic_cmd='$MAGIC_CMD'
lt_cv_file_magic_test_file=
lt_cv_ld_reload_flag=-r
lt_cv_nm_interface='BSD nm'
lt_cv_objdir=.libs
lt_cv_path_LD=/usr/bin/ld
lt_cv_path_NM='/usr/bin/nm -B'
lt_cv_path_mainfest_tool=no
lt_cv_prog_compiler_c_o=yes
lt_cv_prog_compiler_pic='-fPIC -DPIC'
lt_cv_prog_compiler_pic_works=yes
lt_cv_prog_compiler_rtti_exceptions=no
lt_cv_prog_compiler_static_works=yes
lt_cv_prog_gnu_ld=yes
lt_cv_sharedlib_from_linklib_cmd='printf %s\n'
lt_cv_shlibpath_overrides_runpath=yes
lt_cv_sys_global_symbol_pipe='sed -n -e '\''s/^.*[	 ]\([ABCDGIRSTW][ABCDGIRSTW]*\)[	 ][	 ]*\([_A-Za-z][_A-Za-z0-9]*\)$/\1 \2 \2/p'\'' | sed '\''/ __gnu_lto/d'\'''
lt_cv_sys_global_symbol_to_c_name_address='sed -n -e '\''s/^: \(.*\) .*$/  {"\1", (void *) 0},/p'\'' -e '\''s/^[ABCDGIRSTW][ABCDGIRSTW]* .* \(.*\)$/  {"\1", (void *) \&\1},/p'\'''
lt_cv_sys_global_symbol_to_c_name_address_lib_prefix='sed -n -e '\''s/^: \(.*\) .*$/  {"\1", (void *) 0},/p'\'' -e '\''s/^[ABCDGIRSTW][ABCDGIRSTW]* .* \(lib.*\)$/  {"\1", (void *) \&\1},/p'\'' -e '\''s/^[ABCDGIRSTW][ABCDGIRSTW]* .* \(.*\)$/  {"lib\1", (void *) \&\1},/p'\'''
lt_cv_sys_global_symbol_to_cdecl='sed -n -e '\''s/^T .* \(.*\)$/extern int \1();/p'\'' -e '\''s/^[ABCDGIRSTW][ABCDGIRSTW]* .* \(.*\)$/extern char \1;/p'\'''
lt_cv_sys_global_symbol_to_import=
lt_cv_sys_max_cmd_len=1572864
lt_cv_to_host_file_cmd=func_convert_file_noop
lt_cv_to_tool_file_cmd=func_convert_file_noop
lt_cv_truncate_bin='/usr/bin/dd bs=4096 count=1'

## ----------------- ##
## Output variables. ##
## ----------------- ##

ACLOCAL='${SHELL} /home/ggc/Files/Coding/Paper/PaperEngine/lib/libogg/missing aclocal-1.16'
AMDEPBACKSLASH='\'
AMDEP_FALSE='#'
AMDEP_TRUE=''
AMTAR='$${TAR-tar}'
AM_BACKSLASH='\'
AM_DEFAULT_V='$(AM_DEFAULT_VERBOSITY)'
AM_DEFAULT_VERBOSITY='1'
AM_V='$(V)'
AR='ar'
AUTOCONF='${SHELL} /home/ggc/Files/Coding/Paper/PaperEngine/lib/libogg/missing autoconf'
AUTOHEADER='${SHELL} /home/ggc/Files/Coding/Paper/PaperEngine/lib/libogg/missing autoheader'
AUTOMAKE='${SHELL} /home/ggc/Files/Coding/Paper/PaperEngine/lib/libogg/missing automake-1.16'
AWK='gawk'
CC='gcc'
CCDEPMODE='depmode=gcc3'
CFLAGS='-O20 -Wall -ffast-math -fsigned-char -g -O2'
CPP='gcc -E'
CPPFLAGS=''
CYGPATH_W='echo'
DEBUG='-g -Wall -fsigned-char -g -O2'
DEFS='-DHAVE_CONFIG_H'
DEPDIR='.deps'
DISABLE_CRC_FALSE=''
DISABLE_CRC_TRUE='#'
DLLTOOL='false'
DSYMUTIL=''
DUMPBIN=''
ECHO_C=''
ECHO_N='-n'
ECHO_T=''
EGREP='/usr/bin/grep -E'
EXEEXT=''
FGREP='/usr/bin/grep -F'
GREP='/usr/bin/grep'
INCLUDE_INTTYPES_H='1'
INCLUDE_STDINT_H='1'
INCLUDE_SYS_TYPES_H='1'
INSTALL_DATA='${INSTALL} -m 644'
INSTALL_PROGRAM='${INSTALL}'
INSTALL_SCRIPT='${INSTALL}'
INSTALL_STRIP_PROGRAM='$(install_sh) -c -s'
LD='/usr/bin/ld -m elf_x86_64'
LDFLAGS=''
LIBOBJS=''
LIBS=''
LIBTOOL='$(SHELL) $(top_builddir)/libtool'
LIBTOOL_DEPS='./ltmain.sh'
LIB_AGE='8'
LIB_CURRENT='8'
LIB_REVISION='4'
LIPO=''
LN_S='ln -s'
LTLIBOBJS=''
LT_SYS_LIBRARY_PATH=''
MAINT=''
MAINTAINER_MODE_FALSE='#'
MAINTAINER_MODE_TRUE=''
MAKEINFO='${SHELL} /home/ggc/Files/Coding/Paper/PaperEngine/lib/libogg/missing makeinfo'
MANIFEST_TOOL=':'
MKDIR_P='/usr/bin/mkdir -p'
NM='/usr/bin/nm -B'
NMEDIT=''
OBJDUMP='objdump'
OBJEXT='o'
OPT=''
OTOOL64=''
OTOOL=''
PACKAGE='libogg'
PACKAGE_BUGREPORT='ogg-dev@xiph.org'
PACKAGE_NAME='libogg'
PACKAGE_STRING='libogg 1.3.4'
PACKAGE_TARNAME='libogg'
PACKAGE_URL=''
PACKAGE_VERSION='1.3.4'
PATH_SEPARATOR=':'
PROFILE='-Wall -W -pg -g -O20 -ffast-math -fsigned-char -g -O2'
RANLIB='ranlib'
SED='/usr/bin/sed'
SET_MAKE=''
SHELL='/bin/bash'
SIZE16='int16_t'
SIZE32='int32_t'
SIZE64='int64_t'
STRIP='strip'
USIZE16='uint16_t'
USIZE32='uint32_t'
USIZE64='uint64_t'
VERSION='1.3.4'
ac_ct_AR='ar'
ac_ct_CC='gcc'
ac_ct_DUMPBIN=''
am__EXEEXT_FALSE=''
am__EXEEXT_TRUE='#'
am__fastdepCC_FALSE='#'
am__fastdepCC_TRUE=''
am__include='include'
am__isrc=''
am__leading_dot='.'
am__nodep='_no'
am__quote=''
am__tar='$${TAR-tar} chof - "$$tardir"'
am__untar='$${TAR-tar} xf -'
bindir='${exec_prefix}/bin'
build='x86_64-pc-linux-gnu'
build_alias=''
build_cpu='x86_64'
build_os='linux-gnu'
build_vendor='pc'
datadir='${datarootdir}'
datarootdir='${prefix}/share'
docdir='${datarootdir}/doc/${PACKAGE_TARNAME}'
dvidir='${docdir}'
exec_prefix='${prefix}'
host='x86_64-pc-linux-gnu'
host_alias=''
host_cpu='x86_64'
host_os='linux-gnu'
host_vendor='pc'
htmldir='${docdir}'
includedir='${prefix}/include'
infodir='${datarootdir}/info'
install_sh='${SHELL} /home/ggc/Files/Coding/Paper/PaperEngine/lib/libogg/install-sh'
libdir='${exec_prefix}/lib'
libexecdir='${exec_prefix}/libexec'
localedir='${datarootdir}/locale'
localstatedir='${prefix}/var'
mandir='${datarootdir}/man'
mkdir_p='$(MKDIR_P)'
oldincludedir='/usr/include'
pdfdir='${docdir}'
prefix='/usr/local'
program_transform_name='s,x,x,'
psdir='${docdir}'
sbindir='${exec_prefix}/sbin'
sharedstatedir='${prefix}/com'
sysconfdir='${prefix}/etc'
target_alias=''

## ----------- ##
## confdefs.h. ##
## ----------- ##

/* confdefs.h */
#define PACKAGE_NAME "libogg"
#define PACKAGE_TARNAME "libogg"
#define PACKAGE_VERSION "1.3.4"
#define PACKAGE_STRING "libogg 1.3.4"
#define PACKAGE_BUGREPORT "ogg-dev@xiph.org"
#define PACKAGE_URL ""
#define STDC_HEADERS 1
#define HAVE_SYS_TYPES_H 1
#define HAVE_SYS_STAT_H 1
#define HAVE_STDLIB_H 1
#define HAVE_STRING_H 1
#define HAVE_MEMORY_H 1
#define HAVE_STRINGS_H 1
#define HAVE_INTTYPES_H 1
#define HAVE_STDINT_H 1
#define HAVE_UNISTD_H 1
#define HAVE_DLFCN_H 1
#define LT_OBJDIR ".libs/"
#define PACKAGE "libogg"
#define VERSION "1.3.4"
#define STDC_HEADERS 1
#define SIZEOF_INT16_T 2
#define SIZEOF_UINT16_T 2
#define SIZEOF_U_INT16_T 2
#define SIZEOF_INT32_T 4
#define SIZEOF_UINT32_T 4
#define SIZEOF_U_INT32_T 4
#define SIZEOF_INT64_T 8
#define SIZEOF_UINT64_T 8
#define SIZEOF_SHORT 2
#define SIZEOF_INT 4
#define SIZEOF_LONG 8
#define SIZEOF_LONG_LONG 8

configure: exit 0
