This file contains any messages produced by compilers while
running configure, to aid debugging if configure makes a mistake.

It was created by FreeType configure 2.10.2, which was
generated by GNU Autoconf 2.69.  Invocation command line was

  $ ./configure 

## --------- ##
## Platform. ##
## --------- ##

hostname = pop-os
uname -m = x86_64
uname -r = 5.4.0-7634-generic
uname -s = Linux
uname -v = #38~1596560323~20.04~7719dbd-Ubuntu SMP Tue Aug 4 19:12:34 UTC 2

/usr/bin/uname -p = x86_64
/bin/uname -X     = unknown

/bin/arch              = x86_64
/usr/bin/arch -k       = unknown
/usr/convex/getsysinfo = unknown
/usr/bin/hostinfo      = unknown
/bin/machine           = unknown
/usr/bin/oslevel       = unknown
/bin/universe          = unknown

PATH: /home/ggc/.local/bin
PATH: /usr/local/sbin
PATH: /usr/local/bin
PATH: /usr/sbin
PATH: /usr/bin
PATH: /sbin
PATH: /bin
PATH: /usr/games
PATH: /usr/local/games
PATH: /snap/bin


## ----------- ##
## Core tests. ##
## ----------- ##

configure:2554: checking build system type
configure:2568: result: x86_64-pc-linux-gnu
configure:2588: checking host system type
configure:2601: result: x86_64-pc-linux-gnu
configure:2673: checking for gcc
configure:2689: found /usr/bin/gcc
configure:2700: result: gcc
configure:2929: checking for C compiler version
configure:2938: gcc --version >&5
gcc (Ubuntu 9.3.0-10ubuntu2) 9.3.0
Copyright (C) 2019 Free Software Foundation, Inc.
This is free software; see the source for copying conditions.  There is NO
warranty; not even for MERCHANTABILITY or FITNESS FOR A PARTICULAR PURPOSE.

configure:2949: $? = 0
configure:2938: gcc -v >&5
Using built-in specs.
COLLECT_GCC=gcc
COLLECT_LTO_WRAPPER=/usr/lib/gcc/x86_64-linux-gnu/9/lto-wrapper
OFFLOAD_TARGET_NAMES=nvptx-none:hsa
OFFLOAD_TARGET_DEFAULT=1
Target: x86_64-linux-gnu
Configured with: ../src/configure -v --with-pkgversion='Ubuntu 9.3.0-10ubuntu2' --with-bugurl=file:///usr/share/doc/gcc-9/README.Bugs --enable-languages=c,ada,c++,go,brig,d,fortran,objc,obj-c++,gm2 --prefix=/usr --with-gcc-major-version-only --program-suffix=-9 --program-prefix=x86_64-linux-gnu- --enable-shared --enable-linker-build-id --libexecdir=/usr/lib --without-included-gettext --enable-threads=posix --libdir=/usr/lib --enable-nls --enable-clocale=gnu --enable-libstdcxx-debug --enable-libstdcxx-time=yes --with-default-libstdcxx-abi=new --enable-gnu-unique-object --disable-vtable-verify --enable-plugin --enable-default-pie --with-system-zlib --with-target-system-zlib=auto --enable-objc-gc=auto --enable-multiarch --disable-werror --with-arch-32=i686 --with-abi=m64 --with-multilib-list=m32,m64,mx32 --enable-multilib --with-tune=generic --enable-offload-targets=nvptx-none,hsa --without-cuda-driver --enable-checking=release --build=x86_64-linux-gnu --host=x86_64-linux-gnu --target=x86_64-linux-gnu
Thread model: posix
gcc version 9.3.0 (Ubuntu 9.3.0-10ubuntu2) 
configure:2949: $? = 0
configure:2938: gcc -V >&5
gcc: error: unrecognized command line option '-V'
gcc: fatal error: no input files
compilation terminated.
configure:2949: $? = 1
configure:2938: gcc -qversion >&5
gcc: error: unrecognized command line option '-qversion'; did you mean '--version'?
gcc: fatal error: no input files
compilation terminated.
configure:2949: $? = 1
configure:2969: checking whether the C compiler works
configure:2991: gcc    conftest.c  >&5
configure:2995: $? = 0
configure:3043: result: yes
configure:3046: checking for C compiler default output file name
configure:3048: result: a.out
configure:3054: checking for suffix of executables
configure:3061: gcc -o conftest    conftest.c  >&5
configure:3065: $? = 0
configure:3087: result: 
configure:3109: checking whether we are cross compiling
configure:3117: gcc -o conftest    conftest.c  >&5
configure:3121: $? = 0
configure:3128: ./conftest
configure:3132: $? = 0
configure:3120: result: no
configure:3125: checking for suffix of object files
configure:3147: gcc -c   conftest.c >&5
configure:3151: $? = 0
configure:3172: result: o
configure:3176: checking whether we are using the GNU C compiler
configure:3195: gcc -c   conftest.c >&5
configure:3195: $? = 0
configure:3204: result: yes
configure:3213: checking whether gcc accepts -g
configure:3233: gcc -c -g  conftest.c >&5
configure:3233: $? = 0
configure:3274: result: yes
configure:3291: checking for gcc option to accept ISO C89
configure:3354: gcc  -c -g -O2  conftest.c >&5
configure:3354: $? = 0
configure:3367: result: none needed
configure:3392: checking how to run the C preprocessor
configure:3423: gcc -E  conftest.c
configure:3423: $? = 0
configure:3437: gcc -E  conftest.c
conftest.c:9:10: fatal error: ac_nonexistent.h: No such file or directory
    9 | #include <ac_nonexistent.h>
      |          ^~~~~~~~~~~~~~~~~~
compilation terminated.
configure:3437: $? = 1
configure: failed program was:
| /* confdefs.h */
| #define PACKAGE_NAME "FreeType"
| #define PACKAGE_TARNAME "freetype"
| #define PACKAGE_VERSION "2.10.2"
| #define PACKAGE_STRING "FreeType 2.10.2"
| #define PACKAGE_BUGREPORT "freetype@nongnu.org"
| #define PACKAGE_URL ""
| /* end confdefs.h.  */
| #include <ac_nonexistent.h>
configure:3462: result: gcc -E
configure:3482: gcc -E  conftest.c
configure:3482: $? = 0
configure:3496: gcc -E  conftest.c
conftest.c:9:10: fatal error: ac_nonexistent.h: No such file or directory
    9 | #include <ac_nonexistent.h>
      |          ^~~~~~~~~~~~~~~~~~
compilation terminated.
configure:3496: $? = 1
configure: failed program was:
| /* confdefs.h */
| #define PACKAGE_NAME "FreeType"
| #define PACKAGE_TARNAME "freetype"
| #define PACKAGE_VERSION "2.10.2"
| #define PACKAGE_STRING "FreeType 2.10.2"
| #define PACKAGE_BUGREPORT "freetype@nongnu.org"
| #define PACKAGE_URL ""
| /* end confdefs.h.  */
| #include <ac_nonexistent.h>
configure:3580: checking for pkg-config
configure:3598: found /usr/bin/pkg-config
configure:3610: result: /usr/bin/pkg-config
configure:3635: checking pkg-config is at least version 0.24
configure:3638: result: yes
configure:3693: checking how to print strings
configure:3720: result: printf
configure:3741: checking for a sed that does not truncate output
configure:3805: result: /usr/bin/sed
configure:3823: checking for grep that handles long lines and -e
configure:3881: result: /usr/bin/grep
configure:3886: checking for egrep
configure:3948: result: /usr/bin/grep -E
configure:3953: checking for fgrep
configure:4015: result: /usr/bin/grep -F
configure:4050: checking for ld used by gcc
configure:4117: result: /usr/bin/ld
configure:4124: checking if the linker (/usr/bin/ld) is GNU ld
configure:4139: result: yes
configure:4151: checking for BSD- or MS-compatible name lister (nm)
configure:4205: result: /usr/bin/nm -B
configure:4335: checking the name lister (/usr/bin/nm -B) interface
configure:4342: gcc -c -g -O2  conftest.c >&5
configure:4345: /usr/bin/nm -B "conftest.o"
configure:4348: output
0000000000000000 B some_variable
configure:4349: result: BSD nm
configure:4352: checking whether ln -s works
configure:4356: result: yes
configure:4364: checking the maximum length of command line arguments
configure:4495: result: 1572864
configure:4543: checking how to convert x86_64-pc-linux-gnu file names to x86_64-pc-linux-gnu format
configure:4583: result: func_convert_file_noop
configure:4590: checking how to convert x86_64-pc-linux-gnu file names to toolchain format
configure:4610: result: func_convert_file_noop
configure:4617: checking for /usr/bin/ld option to reload object files
configure:4624: result: -r
configure:4698: checking for objdump
configure:4714: found /usr/bin/objdump
configure:4725: result: objdump
configure:4754: checking how to recognize dependent libraries
configure:4954: result: pass_all
configure:5039: checking for dlltool
configure:5069: result: no
configure:5096: checking how to associate runtime and link libraries
configure:5123: result: printf %s\n
configure:5184: checking for ar
configure:5200: found /usr/bin/ar
configure:5211: result: ar
configure:5248: checking for archiver @FILE support
configure:5265: gcc -c -g -O2  conftest.c >&5
configure:5265: $? = 0
configure:5268: ar cru libconftest.a @conftest.lst >&5
ar: `u' modifier ignored since `D' is the default (see `U')
configure:5271: $? = 0
configure:5276: ar cru libconftest.a @conftest.lst >&5
ar: `u' modifier ignored since `D' is the default (see `U')
ar: conftest.o: No such file or directory
configure:5279: $? = 1
configure:5278: result: @
configure:5336: checking for strip
configure:5352: found /usr/bin/strip
configure:5363: result: strip
configure:5435: checking for ranlib
configure:5451: found /usr/bin/ranlib
configure:5462: result: ranlib
configure:5539: checking for gawk
configure:5555: found /usr/bin/gawk
configure:5566: result: gawk
configure:5606: checking command to parse /usr/bin/nm -B output from gcc object
configure:5759: gcc -c -g -O2  conftest.c >&5
configure:5762: $? = 0
configure:5766: /usr/bin/nm -B conftest.o \| sed -n -e 's/^.*[ ]\([ABCDGIRSTW][ABCDGIRSTW]*\)[ ][ ]*\([_A-Za-z][_A-Za-z0-9]*\)$/\1 \2 \2/p' | sed '/ __gnu_lto/d' \> conftest.nm
configure:5769: $? = 0
configure:5835: gcc -o conftest -g -O2   conftest.c conftstm.o >&5
configure:5838: $? = 0
configure:5876: result: ok
configure:5923: checking for sysroot
configure:5953: result: no
configure:5960: checking for a working dd
configure:5998: result: /usr/bin/dd
configure:6002: checking how to truncate binary pipes
configure:6017: result: /usr/bin/dd bs=4096 count=1
configure:6153: gcc -c -g -O2  conftest.c >&5
configure:6156: $? = 0
configure:6346: checking for mt
configure:6362: found /usr/bin/mt
configure:6373: result: mt
configure:6396: checking if mt is a manifest tool
configure:6402: mt '-?'
configure:6410: result: no
configure:7083: checking for ANSI C header files
configure:7103: gcc -c -g -O2  conftest.c >&5
configure:7103: $? = 0
configure:7176: gcc -o conftest -g -O2   conftest.c  >&5
configure:7176: $? = 0
configure:7176: ./conftest
configure:7176: $? = 0
configure:7187: result: yes
configure:7200: checking for sys/types.h
configure:7200: gcc -c -g -O2  conftest.c >&5
configure:7200: $? = 0
configure:7200: result: yes
configure:7200: checking for sys/stat.h
configure:7200: gcc -c -g -O2  conftest.c >&5
configure:7200: $? = 0
configure:7200: result: yes
configure:7200: checking for stdlib.h
configure:7200: gcc -c -g -O2  conftest.c >&5
configure:7200: $? = 0
configure:7200: result: yes
configure:7200: checking for string.h
configure:7200: gcc -c -g -O2  conftest.c >&5
configure:7200: $? = 0
configure:7200: result: yes
configure:7200: checking for memory.h
configure:7200: gcc -c -g -O2  conftest.c >&5
configure:7200: $? = 0
configure:7200: result: yes
configure:7200: checking for strings.h
configure:7200: gcc -c -g -O2  conftest.c >&5
configure:7200: $? = 0
configure:7200: result: yes
configure:7200: checking for inttypes.h
configure:7200: gcc -c -g -O2  conftest.c >&5
configure:7200: $? = 0
configure:7200: result: yes
configure:7200: checking for stdint.h
configure:7200: gcc -c -g -O2  conftest.c >&5
configure:7200: $? = 0
configure:7200: result: yes
configure:7200: checking for unistd.h
configure:7200: gcc -c -g -O2  conftest.c >&5
configure:7200: $? = 0
configure:7200: result: yes
configure:7214: checking for dlfcn.h
configure:7214: gcc -c -g -O2  conftest.c >&5
configure:7214: $? = 0
configure:7214: result: yes
configure:7768: checking for objdir
configure:7783: result: .libs
configure:8043: checking if gcc supports -fno-rtti -fno-exceptions
configure:8061: gcc -c -g -O2  -fno-rtti -fno-exceptions conftest.c >&5
cc1: warning: command line option '-fno-rtti' is valid for C++/D/ObjC++ but not for C
configure:8065: $? = 0
configure:8078: result: no
configure:8436: checking for gcc option to produce PIC
configure:8443: result: -fPIC -DPIC
configure:8451: checking if gcc PIC flag -fPIC -DPIC works
configure:8469: gcc -c -g -O2  -fPIC -DPIC -DPIC conftest.c >&5
configure:8473: $? = 0
configure:8486: result: yes
configure:8515: checking if gcc static flag -static works
configure:8543: result: yes
configure:8558: checking if gcc supports -c -o file.o
configure:8579: gcc -c -g -O2  -o out/conftest2.o conftest.c >&5
configure:8583: $? = 0
configure:8605: result: yes
configure:8613: checking if gcc supports -c -o file.o
configure:8660: result: yes
configure:8693: checking whether the gcc linker (/usr/bin/ld -m elf_x86_64) supports shared libraries
configure:9952: result: yes
configure:9989: checking whether -lc should be explicitly linked in
configure:9997: gcc -c -g -O2  conftest.c >&5
configure:10000: $? = 0
configure:10015: gcc -shared  -fPIC -DPIC conftest.o  -v -Wl,-soname -Wl,conftest -o conftest 2\>\&1 \| /usr/bin/grep  -lc  \>/dev/null 2\>\&1
configure:10018: $? = 0
configure:10032: result: no
configure:10192: checking dynamic linker characteristics
configure:10773: gcc -o conftest -g -O2   -Wl,-rpath -Wl,/foo conftest.c  >&5
configure:10773: $? = 0
configure:11010: result: GNU/Linux ld.so
configure:11132: checking how to hardcode library paths into programs
configure:11157: result: immediate
configure:11705: checking whether stripping libraries is possible
configure:11710: result: yes
configure:11745: checking if libtool supports shared libraries
configure:11747: result: yes
configure:11750: checking whether to build shared libraries
configure:11775: result: yes
configure:11778: checking whether to build static libraries
configure:11782: result: yes
configure:8611: checking windows.h usability
configure:8611: gcc -c -g -O2  conftest.c >&5
conftest.c:54:10: fatal error: windows.h: No such file or directory
   54 | #include <windows.h>
      |          ^~~~~~~~~~~
compilation terminated.
configure:8611: $? = 1
configure: failed program was:
| /* confdefs.h */
| #define PACKAGE_NAME "FreeType"
| #define PACKAGE_TARNAME "freetype"
| #define PACKAGE_VERSION "2.10.2"
| #define PACKAGE_STRING "FreeType 2.10.2"
| #define PACKAGE_BUGREPORT "freetype@nongnu.org"
| #define PACKAGE_URL ""
| #define STDC_HEADERS 1
| #define HAVE_SYS_TYPES_H 1
| #define HAVE_SYS_STAT_H 1
| #define HAVE_STDLIB_H 1
| #define HAVE_STRING_H 1
| #define HAVE_MEMORY_H 1
| #define HAVE_STRINGS_H 1
| #define HAVE_INTTYPES_H 1
| #define HAVE_STDINT_H 1
| #define HAVE_UNISTD_H 1
| #define HAVE_DLFCN_H 1
| #define LT_OBJDIR ".libs/"
| /* end confdefs.h.  */
| #include <stdio.h>
| #ifdef HAVE_SYS_TYPES_H
| # include <sys/types.h>
| #endif
| #ifdef HAVE_SYS_STAT_H
| # include <sys/stat.h>
| #endif
| #ifdef STDC_HEADERS
| # include <stdlib.h>
| # include <stddef.h>
| #else
| # ifdef HAVE_STDLIB_H
| #  include <stdlib.h>
| # endif
| #endif
| #ifdef HAVE_STRING_H
| # if !defined STDC_HEADERS && defined HAVE_MEMORY_H
| #  include <memory.h>
| # endif
| # include <string.h>
| #endif
| #ifdef HAVE_STRINGS_H
| # include <strings.h>
| #endif
| #ifdef HAVE_INTTYPES_H
| # include <inttypes.h>
| #endif
| #ifdef HAVE_STDINT_H
| # include <stdint.h>
| #endif
| #ifdef HAVE_UNISTD_H
| # include <unistd.h>
| #endif
| #include <windows.h>
configure:8611: result: no
configure:8611: checking windows.h presence
configure:8611: gcc -E  conftest.c
conftest.c:21:10: fatal error: windows.h: No such file or directory
   21 | #include <windows.h>
      |          ^~~~~~~~~~~
compilation terminated.
configure:8611: $? = 1
configure: failed program was:
| /* confdefs.h */
| #define PACKAGE_NAME "FreeType"
| #define PACKAGE_TARNAME "freetype"
| #define PACKAGE_VERSION "2.10.2"
| #define PACKAGE_STRING "FreeType 2.10.2"
| #define PACKAGE_BUGREPORT "freetype@nongnu.org"
| #define PACKAGE_URL ""
| #define STDC_HEADERS 1
| #define HAVE_SYS_TYPES_H 1
| #define HAVE_SYS_STAT_H 1
| #define HAVE_STDLIB_H 1
| #define HAVE_STRING_H 1
| #define HAVE_MEMORY_H 1
| #define HAVE_STRINGS_H 1
| #define HAVE_INTTYPES_H 1
| #define HAVE_STDINT_H 1
| #define HAVE_UNISTD_H 1
| #define HAVE_DLFCN_H 1
| #define LT_OBJDIR ".libs/"
| /* end confdefs.h.  */
| #include <windows.h>
configure:8611: result: no
configure:8611: checking for windows.h
configure:8611: result: no
configure:8964: checking for a BSD-compatible install
configure:9032: result: /usr/bin/install -c
configure:9051: checking for a thread-safe mkdir -p
configure:9090: result: /usr/bin/mkdir -p
configure:9104: checking for ANSI C header files
configure:9208: result: yes
configure:9219: checking fcntl.h usability
configure:9219: gcc -c -g -O2  conftest.c >&5
configure:9219: $? = 0
configure:9219: result: yes
configure:9219: checking fcntl.h presence
configure:9219: gcc -E  conftest.c
configure:9219: $? = 0
configure:9219: result: yes
configure:9219: checking for fcntl.h
configure:9219: result: yes
configure:9219: checking for unistd.h
configure:9219: result: yes
configure:9233: checking for an ANSI C-conforming const
configure:9299: gcc -c -g -O2  conftest.c >&5
configure:9299: $? = 0
configure:9306: result: yes
configure:9318: checking size of int
configure:9323: gcc -o conftest -g -O2   conftest.c  >&5
configure:9323: $? = 0
configure:9323: ./conftest
configure:9323: $? = 0
configure:9337: result: 4
configure:9351: checking size of long
configure:9356: gcc -o conftest -g -O2   conftest.c  >&5
configure:9356: $? = 0
configure:9356: ./conftest
configure:9356: $? = 0
configure:9370: result: 8
configure:9381: checking for unsigned long long int
configure:9420: gcc -o conftest -g -O2   conftest.c  >&5
configure:9420: $? = 0
configure:9429: result: yes
configure:9439: checking for long long int
configure:9477: gcc -o conftest -g -O2   conftest.c  >&5
configure:9477: $? = 0
configure:9477: ./conftest
configure:9477: $? = 0
configure:9489: result: yes
configure:9501: checking whether cpp computation of bit length in ftconfig.in works
configure:9556: result: yes
configure:9599: checking for special C compiler options needed for large files
configure:9644: result: no
configure:9650: checking for _FILE_OFFSET_BITS value needed for large files
configure:9675: gcc -c -g -O2  conftest.c >&5
configure:9675: $? = 0
configure:9707: result: no
configure:9809: checking for stdlib.h
configure:9809: result: yes
configure:9809: checking for unistd.h
configure:9809: result: yes
configure:9809: checking for sys/param.h
configure:9809: gcc -c -g -O2  conftest.c >&5
configure:9809: $? = 0
configure:9809: result: yes
configure:9829: checking for getpagesize
configure:9829: gcc -o conftest -g -O2   conftest.c  >&5
configure:9829: $? = 0
configure:9829: result: yes
configure:9838: checking for working mmap
configure:9985: gcc -o conftest -g -O2   conftest.c  >&5
configure:9985: $? = 0
configure:9985: ./conftest
configure:9985: $? = 0
configure:9995: result: yes
configure:10011: checking whether munmap is declared
configure:10011: gcc -c -g -O2  conftest.c >&5
configure:10011: $? = 0
configure:10011: result: yes
configure:10031: checking for munmap's first parameter type
configure:10045: gcc -c -g -O2  conftest.c >&5
configure:10045: $? = 0
configure:10046: result: void *
configure:10063: checking for memcpy
configure:10063: gcc -o conftest -g -O2   conftest.c  >&5
conftest.c:58:6: warning: conflicting types for built-in function 'memcpy'; expected 'void *(void *, const void *, long unsigned int)' [-Wbuiltin-declaration-mismatch]
   58 | char memcpy ();
      |      ^~~~~~
conftest.c:46:1: note: 'memcpy' is declared in header '<string.h>'
   45 | # include <limits.h>
   46 | #else
configure:10063: $? = 0
configure:10063: result: yes
configure:10063: checking for memmove
configure:10063: gcc -o conftest -g -O2   conftest.c  >&5
conftest.c:59:6: warning: conflicting types for built-in function 'memmove'; expected 'void *(void *, const void *, long unsigned int)' [-Wbuiltin-declaration-mismatch]
   59 | char memmove ();
      |      ^~~~~~~
conftest.c:47:1: note: 'memmove' is declared in header '<string.h>'
   46 | # include <limits.h>
   47 | #else
configure:10063: $? = 0
configure:10063: result: yes
configure:10115: checking gcc compiler flag -pedantic to assure ANSI C works correctly
configure:10142: gcc -c -g -O2  -pedantic  conftest.c >&5
configure:10142: $? = 0
configure:10143: result: ok, adding to XX_ANSIFLAGS
configure:10115: checking gcc compiler flag -ansi to assure ANSI C works correctly
configure:10142: gcc -c -g -O2  -pedantic -ansi  conftest.c >&5
configure:10142: $? = 0
configure:10143: result: ok, adding to XX_ANSIFLAGS
configure:10177: checking for -fvisibility=hidden compiler flag
configure:10192: gcc -o conftest -g -O2 -fvisibility=hidden   conftest.c  >&5
configure:10192: $? = 0
configure:10194: result: yes
configure:10267: $PKG_CONFIG --exists --print-errors "$zlib_pkg"
configure:10270: $? = 0
configure:10277: checking for ZLIB
configure:10284: $PKG_CONFIG --exists --print-errors "$zlib_pkg"
configure:10287: $? = 0
configure:10301: $PKG_CONFIG --exists --print-errors "$zlib_pkg"
configure:10304: $? = 0
configure:10342: result: yes
configure:10437: $PKG_CONFIG --exists --print-errors "$bzip2_pkg"
Package bzip2 was not found in the pkg-config search path.
Perhaps you should add the directory containing `bzip2.pc'
to the PKG_CONFIG_PATH environment variable
No package 'bzip2' found
configure:10440: $? = 1
configure:10447: checking for BZIP2
configure:10454: $PKG_CONFIG --exists --print-errors "$bzip2_pkg"
Package bzip2 was not found in the pkg-config search path.
Perhaps you should add the directory containing `bzip2.pc'
to the PKG_CONFIG_PATH environment variable
No package 'bzip2' found
configure:10457: $? = 1
configure:10471: $PKG_CONFIG --exists --print-errors "$bzip2_pkg"
Package bzip2 was not found in the pkg-config search path.
Perhaps you should add the directory containing `bzip2.pc'
to the PKG_CONFIG_PATH environment variable
No package 'bzip2' found
configure:10474: $? = 1
configure:10488: result: no
No package 'bzip2' found
configure:10532: checking for BZ2_bzDecompress in -lbz2
configure:10557: gcc -o conftest -g -O2 -fvisibility=hidden   conftest.c -lbz2   >&5
/usr/bin/ld: cannot find -lbz2
collect2: error: ld returned 1 exit status
configure:10557: $? = 1
configure: failed program was:
| /* confdefs.h */
| #define PACKAGE_NAME "FreeType"
| #define PACKAGE_TARNAME "freetype"
| #define PACKAGE_VERSION "2.10.2"
| #define PACKAGE_STRING "FreeType 2.10.2"
| #define PACKAGE_BUGREPORT "freetype@nongnu.org"
| #define PACKAGE_URL ""
| #define STDC_HEADERS 1
| #define HAVE_SYS_TYPES_H 1
| #define HAVE_SYS_STAT_H 1
| #define HAVE_STDLIB_H 1
| #define HAVE_STRING_H 1
| #define HAVE_MEMORY_H 1
| #define HAVE_STRINGS_H 1
| #define HAVE_INTTYPES_H 1
| #define HAVE_STDINT_H 1
| #define HAVE_UNISTD_H 1
| #define HAVE_DLFCN_H 1
| #define LT_OBJDIR ".libs/"
| #define STDC_HEADERS 1
| #define HAVE_FCNTL_H 1
| #define HAVE_UNISTD_H 1
| #define SIZEOF_INT 4
| #define SIZEOF_LONG 8
| #define HAVE_UNSIGNED_LONG_LONG_INT 1
| #define HAVE_LONG_LONG_INT 1
| #define HAVE_STDLIB_H 1
| #define HAVE_UNISTD_H 1
| #define HAVE_SYS_PARAM_H 1
| #define HAVE_GETPAGESIZE 1
| #define HAVE_MMAP 1
| #define HAVE_DECL_MUNMAP 1
| #define MUNMAP_USES_VOIDP /**/
| #define HAVE_MEMCPY 1
| #define HAVE_MEMMOVE 1
| /* end confdefs.h.  */
| 
| /* Override any GCC internal prototype to avoid an error.
|    Use char because int might match the return type of a GCC
|    builtin and then its argument prototype would still apply.  */
| #ifdef __cplusplus
| extern "C"
| #endif
| char BZ2_bzDecompress ();
| int
| main ()
| {
| return BZ2_bzDecompress ();
|   ;
|   return 0;
| }
configure:10566: result: no
configure:10607: $PKG_CONFIG --exists --print-errors "$libpng_pkg"
Package libpng was not found in the pkg-config search path.
Perhaps you should add the directory containing `libpng.pc'
to the PKG_CONFIG_PATH environment variable
No package 'libpng' found
configure:10610: $? = 1
configure:10617: checking for LIBPNG
configure:10624: $PKG_CONFIG --exists --print-errors "$libpng_pkg"
Package libpng was not found in the pkg-config search path.
Perhaps you should add the directory containing `libpng.pc'
to the PKG_CONFIG_PATH environment variable
No package 'libpng' found
configure:10627: $? = 1
configure:10641: $PKG_CONFIG --exists --print-errors "$libpng_pkg"
Package libpng was not found in the pkg-config search path.
Perhaps you should add the directory containing `libpng.pc'
to the PKG_CONFIG_PATH environment variable
No package 'libpng' found
configure:10644: $? = 1
configure:10658: result: no
No package 'libpng' found
configure:10702: checking for libpng-config
configure:10713: result: no
configure:10743: $PKG_CONFIG --exists --print-errors "$harfbuzz_pkg"
Package harfbuzz was not found in the pkg-config search path.
Perhaps you should add the directory containing `harfbuzz.pc'
to the PKG_CONFIG_PATH environment variable
No package 'harfbuzz' found
configure:10746: $? = 1
configure:10753: checking for HARFBUZZ
configure:10760: $PKG_CONFIG --exists --print-errors "$harfbuzz_pkg"
Package harfbuzz was not found in the pkg-config search path.
Perhaps you should add the directory containing `harfbuzz.pc'
to the PKG_CONFIG_PATH environment variable
No package 'harfbuzz' found
configure:10763: $? = 1
configure:10777: $PKG_CONFIG --exists --print-errors "$harfbuzz_pkg"
Package harfbuzz was not found in the pkg-config search path.
Perhaps you should add the directory containing `harfbuzz.pc'
to the PKG_CONFIG_PATH environment variable
No package 'harfbuzz' found
configure:10780: $? = 1
configure:10794: result: no
No package 'harfbuzz' found
configure:10867: $PKG_CONFIG --exists --print-errors "$brotli_pkg"
Package libbrotlidec was not found in the pkg-config search path.
Perhaps you should add the directory containing `libbrotlidec.pc'
to the PKG_CONFIG_PATH environment variable
No package 'libbrotlidec' found
configure:10870: $? = 1
configure:10877: checking for BROTLI
configure:10884: $PKG_CONFIG --exists --print-errors "$brotli_pkg"
Package libbrotlidec was not found in the pkg-config search path.
Perhaps you should add the directory containing `libbrotlidec.pc'
to the PKG_CONFIG_PATH environment variable
No package 'libbrotlidec' found
configure:10887: $? = 1
configure:10901: $PKG_CONFIG --exists --print-errors "$brotli_pkg"
Package libbrotlidec was not found in the pkg-config search path.
Perhaps you should add the directory containing `libbrotlidec.pc'
to the PKG_CONFIG_PATH environment variable
No package 'libbrotlidec' found
configure:10904: $? = 1
configure:10918: result: no
No package 'libbrotlidec' found
configure:10981: checking for library containing clock_gettime
configure:11012: gcc -o conftest -g -O2 -fvisibility=hidden   conftest.c  >&5
configure:11012: $? = 0
configure:11029: result: none required
configure:11628: checking for python3
configure:11644: found /usr/bin/python3
configure:11655: result: python3
configure:11676: checking for python version
configure:11681: result: 3.8.2
configure:11741: checking for `docwriter' Python module
configure:11749: result: no
configure:11999: creating ./config.status

## ---------------------- ##
## Running config.status. ##
## ---------------------- ##

This file was extended by FreeType config.status 2.10.2, which was
generated by GNU Autoconf 2.69.  Invocation command line was

  CONFIG_FILES    = 
  CONFIG_HEADERS  = 
  CONFIG_LINKS    = 
  CONFIG_COMMANDS = 
  $ ./config.status 

on pop-os

config.status:1139: creating ftoption.h
config.status:1139: creating unix-cc.mk
config.status:1139: creating unix-def.mk
config.status:1139: creating ftconfig.h
config.status:1334: executing libtool commands
configure:14248:

Library configuration:
  external zlib: yes (pkg-config)
  bzip2:         no
  libpng:        no
  harfbuzz:      no
  brotli:        no

configure:14267:
  Warning: `make refdoc' will fail since pip package `docwriter' is not
  installed.  To install, run `python3 -m pip install docwriter', or to use a Python
  virtual environment, run `make refdoc-venv' (requires pip package
  `virtualenv'). These operations require Python >= 3.5.
  

## ---------------- ##
## Cache variables. ##
## ---------------- ##

ac_cv_build=x86_64-pc-linux-gnu
ac_cv_c_compiler_gnu=yes
ac_cv_c_const=yes
ac_cv_env_BROTLI_CFLAGS_set=
ac_cv_env_BROTLI_CFLAGS_value=
ac_cv_env_BROTLI_LIBS_set=
ac_cv_env_BROTLI_LIBS_value=
ac_cv_env_BZIP2_CFLAGS_set=
ac_cv_env_BZIP2_CFLAGS_value=
ac_cv_env_BZIP2_LIBS_set=
ac_cv_env_BZIP2_LIBS_value=
ac_cv_env_CC_set=
ac_cv_env_CC_value=
ac_cv_env_CFLAGS_set=
ac_cv_env_CFLAGS_value=
ac_cv_env_CPPFLAGS_set=
ac_cv_env_CPPFLAGS_value=
ac_cv_env_CPP_set=
ac_cv_env_CPP_value=
ac_cv_env_HARFBUZZ_CFLAGS_set=
ac_cv_env_HARFBUZZ_CFLAGS_value=
ac_cv_env_HARFBUZZ_LIBS_set=
ac_cv_env_HARFBUZZ_LIBS_value=
ac_cv_env_LDFLAGS_set=
ac_cv_env_LDFLAGS_value=
ac_cv_env_LIBPNG_CFLAGS_set=
ac_cv_env_LIBPNG_CFLAGS_value=
ac_cv_env_LIBPNG_LIBS_set=
ac_cv_env_LIBPNG_LIBS_value=
ac_cv_env_LIBS_set=
ac_cv_env_LIBS_value=
ac_cv_env_LT_SYS_LIBRARY_PATH_set=
ac_cv_env_LT_SYS_LIBRARY_PATH_value=
ac_cv_env_PKG_CONFIG_LIBDIR_set=
ac_cv_env_PKG_CONFIG_LIBDIR_value=
ac_cv_env_PKG_CONFIG_PATH_set=
ac_cv_env_PKG_CONFIG_PATH_value=
ac_cv_env_PKG_CONFIG_set=
ac_cv_env_PKG_CONFIG_value=
ac_cv_env_ZLIB_CFLAGS_set=
ac_cv_env_ZLIB_CFLAGS_value=
ac_cv_env_ZLIB_LIBS_set=
ac_cv_env_ZLIB_LIBS_value=
ac_cv_env_build_alias_set=
ac_cv_env_build_alias_value=
ac_cv_env_host_alias_set=
ac_cv_env_host_alias_value=
ac_cv_env_target_alias_set=
ac_cv_env_target_alias_value=
ac_cv_func_getpagesize=yes
ac_cv_func_memcpy=yes
ac_cv_func_memmove=yes
ac_cv_func_mmap_fixed_mapped=yes
ac_cv_have_decl_munmap=yes
ac_cv_header_dlfcn_h=yes
ac_cv_header_fcntl_h=yes
ac_cv_header_inttypes_h=yes
ac_cv_header_memory_h=yes
ac_cv_header_stdc=yes
ac_cv_header_stdint_h=yes
ac_cv_header_stdlib_h=yes
ac_cv_header_string_h=yes
ac_cv_header_strings_h=yes
ac_cv_header_sys_param_h=yes
ac_cv_header_sys_stat_h=yes
ac_cv_header_sys_types_h=yes
ac_cv_header_unistd_h=yes
ac_cv_header_windows_h=no
ac_cv_host=x86_64-pc-linux-gnu
ac_cv_lib_bz2_BZ2_bzDecompress=no
ac_cv_objext=o
ac_cv_path_EGREP='/usr/bin/grep -E'
ac_cv_path_FGREP='/usr/bin/grep -F'
ac_cv_path_GREP=/usr/bin/grep
ac_cv_path_SED=/usr/bin/sed
ac_cv_path_ac_pt_PKG_CONFIG=/usr/bin/pkg-config
ac_cv_path_install='/usr/bin/install -c'
ac_cv_path_lt_DD=/usr/bin/dd
ac_cv_path_mkdir=/usr/bin/mkdir
ac_cv_prog_AWK=gawk
ac_cv_prog_CPP='gcc -E'
ac_cv_prog_PYTHON=python3
ac_cv_prog_ac_ct_AR=ar
ac_cv_prog_ac_ct_CC=gcc
ac_cv_prog_ac_ct_MANIFEST_TOOL=mt
ac_cv_prog_ac_ct_OBJDUMP=objdump
ac_cv_prog_ac_ct_RANLIB=ranlib
ac_cv_prog_ac_ct_STRIP=strip
ac_cv_prog_cc_c89=
ac_cv_prog_cc_g=yes
ac_cv_search_clock_gettime='none required'
ac_cv_sizeof_int=4
ac_cv_sizeof_long=8
ac_cv_sys_file_offset_bits=no
ac_cv_sys_largefile_CC=no
ac_cv_type_long_long_int=yes
ac_cv_type_unsigned_long_long_int=yes
lt_cv_ar_at_file=@
lt_cv_archive_cmds_need_lc=no
lt_cv_deplibs_check_method=pass_all
lt_cv_file_magic_cmd='$MAGIC_CMD'
lt_cv_file_magic_test_file=
lt_cv_ld_reload_flag=-r
lt_cv_nm_interface='BSD nm'
lt_cv_objdir=.libs
lt_cv_path_LD=/usr/bin/ld
lt_cv_path_NM='/usr/bin/nm -B'
lt_cv_path_mainfest_tool=no
lt_cv_prog_compiler_c_o=yes
lt_cv_prog_compiler_pic='-fPIC -DPIC'
lt_cv_prog_compiler_pic_works=yes
lt_cv_prog_compiler_rtti_exceptions=no
lt_cv_prog_compiler_static_works=yes
lt_cv_prog_gnu_ld=yes
lt_cv_sharedlib_from_linklib_cmd='printf %s\n'
lt_cv_shlibpath_overrides_runpath=yes
lt_cv_sys_global_symbol_pipe='sed -n -e '\''s/^.*[	 ]\([ABCDGIRSTW][ABCDGIRSTW]*\)[	 ][	 ]*\([_A-Za-z][_A-Za-z0-9]*\)$/\1 \2 \2/p'\'' | sed '\''/ __gnu_lto/d'\'''
lt_cv_sys_global_symbol_to_c_name_address='sed -n -e '\''s/^: \(.*\) .*$/  {"\1", (void *) 0},/p'\'' -e '\''s/^[ABCDGIRSTW][ABCDGIRSTW]* .* \(.*\)$/  {"\1", (void *) \&\1},/p'\'''
lt_cv_sys_global_symbol_to_c_name_address_lib_prefix='sed -n -e '\''s/^: \(.*\) .*$/  {"\1", (void *) 0},/p'\'' -e '\''s/^[ABCDGIRSTW][ABCDGIRSTW]* .* \(lib.*\)$/  {"\1", (void *) \&\1},/p'\'' -e '\''s/^[ABCDGIRSTW][ABCDGIRSTW]* .* \(.*\)$/  {"lib\1", (void *) \&\1},/p'\'''
lt_cv_sys_global_symbol_to_cdecl='sed -n -e '\''s/^T .* \(.*\)$/extern int \1();/p'\'' -e '\''s/^[ABCDGIRSTW][ABCDGIRSTW]* .* \(.*\)$/extern char \1;/p'\'''
lt_cv_sys_global_symbol_to_import=
lt_cv_sys_max_cmd_len=1572864
lt_cv_to_host_file_cmd=func_convert_file_noop
lt_cv_to_tool_file_cmd=func_convert_file_noop
lt_cv_truncate_bin='/usr/bin/dd bs=4096 count=1'
pkg_cv_ZLIB_CFLAGS=
pkg_cv_ZLIB_LIBS=-lz

## ----------------- ##
## Output variables. ##
## ----------------- ##

AR='ar'
AS='as'
AWK='gawk'
BROTLI_CFLAGS=''
BROTLI_LIBS=''
BZIP2_CFLAGS=''
BZIP2_LIBS=''
CC='gcc'
CC_BUILD='gcc'
CFLAGS='-g -O2 -fvisibility=hidden '
CPP='gcc -E'
CPPFLAGS=''
DEFS='-DHAVE_CONFIG_H'
DLLTOOL='false'
DSYMUTIL=''
DUMPBIN=''
ECHO_C=''
ECHO_N='-n'
ECHO_T=''
EGREP='/usr/bin/grep -E'
EXEEXT=''
EXEEXT_BUILD=''
FGREP='/usr/bin/grep -F'
FTSYS_SRC='$(BUILD_DIR)/ftsystem.c'
GREP='/usr/bin/grep'
HARFBUZZ_CFLAGS=''
HARFBUZZ_LIBS=''
INSTALL_DATA='${INSTALL} -m 644'
INSTALL_FT2_CONFIG='FALSE'
INSTALL_PROGRAM='${INSTALL}'
INSTALL_SCRIPT='${INSTALL}'
LD='/usr/bin/ld -m elf_x86_64'
LDFLAGS=' -lz'
LIBOBJS=''
LIBPNG_CFLAGS=''
LIBPNG_LIBS=''
LIBS=''
LIBSSTATIC_CONFIG='-lfreetype -lz'
LIBS_PRIVATE=''
LIBTOOL='$(SHELL) $(top_builddir)/libtool'
LIB_CLOCK_GETTIME=''
LIPO=''
LN_S='ln -s'
LTLIBOBJS=''
LT_SYS_LIBRARY_PATH=''
MANIFEST_TOOL=':'
MKDIR_P='/usr/bin/mkdir -p'
NM='/usr/bin/nm -B'
NMEDIT=''
OBJDUMP='objdump'
OBJEXT='o'
OTOOL64=''
OTOOL=''
PACKAGE_BUGREPORT='freetype@nongnu.org'
PACKAGE_NAME='FreeType'
PACKAGE_STRING='FreeType 2.10.2'
PACKAGE_TARNAME='freetype'
PACKAGE_URL=''
PACKAGE_VERSION='2.10.2'
PATH_SEPARATOR=':'
PKG_CONFIG='/usr/bin/pkg-config'
PKG_CONFIG_LIBDIR=''
PKG_CONFIG_PATH=''
PYTHON='python3'
PYTHON_VERSION='3.8.2'
RANLIB='ranlib'
RC=''
REQUIRES_PRIVATE='zlib'
SED='/usr/bin/sed'
SHELL='/bin/bash'
STRIP='strip'
XX_ANSIFLAGS=' -pedantic -ansi'
XX_CFLAGS='-Wall'
ZLIB_CFLAGS=''
ZLIB_LIBS='-lz'
ac_ct_AR='ar'
ac_ct_CC='gcc'
ac_ct_DUMPBIN=''
bindir='${exec_prefix}/bin'
build='x86_64-pc-linux-gnu'
build_alias=''
build_cpu='x86_64'
build_libtool_libs=''
build_os='linux-gnu'
build_vendor='pc'
datadir='${datarootdir}'
datarootdir='${prefix}/share'
docdir='${datarootdir}/doc/${PACKAGE_TARNAME}'
dvidir='${docdir}'
exec_prefix='${prefix}'
ft_version='23.2.17'
ftmac_c=''
hardcode_libdir_flag_spec='$wl-rpath $wl$libdir'
host='x86_64-pc-linux-gnu'
host_alias=''
host_cpu='x86_64'
host_os='linux-gnu'
host_vendor='pc'
htmldir='${docdir}'
includedir='${prefix}/include'
infodir='${datarootdir}/info'
libdir='${exec_prefix}/lib'
libexecdir='${exec_prefix}/libexec'
localedir='${datarootdir}/locale'
localstatedir='${prefix}/var'
mandir='${datarootdir}/man'
oldincludedir='/usr/include'
pdfdir='${docdir}'
prefix='/usr/local'
program_transform_name='s,x,x,'
psdir='${docdir}'
sbindir='${exec_prefix}/sbin'
sharedstatedir='${prefix}/com'
sysconfdir='${prefix}/etc'
target_alias=''
version_info='23:2:17'
wl='-Wl,'

## ----------- ##
## confdefs.h. ##
## ----------- ##

/* confdefs.h */
#define PACKAGE_NAME "FreeType"
#define PACKAGE_TARNAME "freetype"
#define PACKAGE_VERSION "2.10.2"
#define PACKAGE_STRING "FreeType 2.10.2"
#define PACKAGE_BUGREPORT "freetype@nongnu.org"
#define PACKAGE_URL ""
#define STDC_HEADERS 1
#define HAVE_SYS_TYPES_H 1
#define HAVE_SYS_STAT_H 1
#define HAVE_STDLIB_H 1
#define HAVE_STRING_H 1
#define HAVE_MEMORY_H 1
#define HAVE_STRINGS_H 1
#define HAVE_INTTYPES_H 1
#define HAVE_STDINT_H 1
#define HAVE_UNISTD_H 1
#define HAVE_DLFCN_H 1
#define LT_OBJDIR ".libs/"
#define STDC_HEADERS 1
#define HAVE_FCNTL_H 1
#define HAVE_UNISTD_H 1
#define SIZEOF_INT 4
#define SIZEOF_LONG 8
#define HAVE_UNSIGNED_LONG_LONG_INT 1
#define HAVE_LONG_LONG_INT 1
#define HAVE_STDLIB_H 1
#define HAVE_UNISTD_H 1
#define HAVE_SYS_PARAM_H 1
#define HAVE_GETPAGESIZE 1
#define HAVE_MMAP 1
#define HAVE_DECL_MUNMAP 1
#define MUNMAP_USES_VOIDP /**/
#define HAVE_MEMCPY 1
#define HAVE_MEMMOVE 1

configure: exit 0
